2026-01-13 05:21:30.050 [main] INFO  s.s.StaticFilesConfiguration - StaticResourceHandler configured with folder = /public
2026-01-13 05:21:30.060 [main] INFO  com.trading.hf.ui.WebServer - Web server started on port 8080
2026-01-13 05:21:30.070 [main] INFO  c.t.hf.core.PatternMatcherHandler - Reloading pattern definitions...
2026-01-13 05:21:30.072 [main] WARN  c.t.hf.patterns.GenericPatternParser - External strategies directory does not exist or is not a directory: ./strategies
2026-01-13 05:21:30.075 [main] INFO  c.t.hf.core.PatternMatcherHandler - Total patterns loaded: 0
2026-01-13 05:21:30.093 [WebSocketSelector-26] INFO  c.trading.hf.ui.UISWebSocketServer - UI WebSocket server started on port 8081
2026-01-13 05:21:30.101 [main] INFO  com.trading.hf.Main - DisruptorOrchestrator started with buffer size 1024.
2026-01-13 05:21:30.102 [main] INFO  c.trading.hf.state.RecoveryManager - No saved state found, starting fresh.
2026-01-13 05:21:30.108 [StrategyWatcher] INFO  com.trading.hf.core.StrategyWatcher - Started StrategyWatcher on directory: ./strategies
2026-01-13 05:21:30.124 [Thread-0] INFO  org.eclipse.jetty.util.log - Logging initialized @791ms to org.eclipse.jetty.util.log.Slf4jLog
2026-01-13 05:21:30.134 [main] INFO  com.trading.hf.Main - Connecting to Python Bridge at ws://localhost:8765
2026-01-13 05:21:30.151 [WebSocketConnectReadThread-37] INFO  c.t.hf.streamer.TVMarketDataStreamer - Connected to Python Bridge at ws://localhost:8765
2026-01-13 05:21:30.173 [Thread-0] INFO  s.e.jetty.EmbeddedJettyServer - == Spark has ignited ...
2026-01-13 05:21:30.174 [Thread-0] INFO  s.e.jetty.EmbeddedJettyServer - >> Listening on 0.0.0.0:8080
2026-01-13 05:21:30.176 [Thread-0] INFO  org.eclipse.jetty.server.Server - jetty-9.4.48.v20220622; built: 2022-06-21T20:42:25.880Z; git: 6b67c5719d1f4371b33655ff2d047d24e171e49a; jvm 21.0.8+9-Ubuntu-0ubuntu124.04.1
2026-01-13 05:21:30.196 [Thread-0] INFO  org.eclipse.jetty.server.session - DefaultSessionIdManager workerName=node0
2026-01-13 05:21:30.196 [Thread-0] INFO  org.eclipse.jetty.server.session - No SessionScavenger set, using defaults
2026-01-13 05:21:30.198 [Thread-0] INFO  org.eclipse.jetty.server.session - node0 Scavenging every 600000ms
2026-01-13 05:21:30.206 [Thread-0] INFO  o.e.jetty.server.AbstractConnector - Started ServerConnector@262c4aa0{HTTP/1.1, (http/1.1)}{0.0.0.0:8080}
2026-01-13 05:21:30.206 [Thread-0] INFO  org.eclipse.jetty.server.Server - Started @875ms
2026-01-13 05:21:40.906 [Thread-9] INFO  c.t.hf.core.PatternMatcherHandler - Processing Index Candle: BANKNIFTY @ 59628.7
2026-01-13 05:21:40.907 [Thread-9] INFO  c.t.hf.core.PatternMatcherHandler - Processing Index Candle: NIFTY @ 25795.7
2026-01-13 05:21:52.086 [Thread-9] INFO  c.t.hf.core.PatternMatcherHandler - Processing Index Candle: BANKNIFTY @ 59617.9
2026-01-13 05:21:52.088 [Thread-9] INFO  c.t.hf.core.PatternMatcherHandler - Processing Index Candle: NIFTY @ 25787.85
2026-01-13 05:21:56.505 [Thread-8] INFO  c.t.hf.core.GlobalRegimeController - Market regime updated to: SIDEWAYS
2026-01-13 05:22:05.254 [Thread-9] INFO  c.t.hf.core.PatternMatcherHandler - Processing Index Candle: BANKNIFTY @ 59617.9
2026-01-13 05:22:05.257 [Thread-9] INFO  c.t.hf.core.PatternMatcherHandler - Processing Index Candle: NIFTY @ 25787.85
2026-01-13 05:22:16.627 [Thread-9] INFO  c.t.hf.core.PatternMatcherHandler - Processing Index Candle: BANKNIFTY @ 59622.85
2026-01-13 05:22:16.629 [Thread-9] INFO  c.t.hf.core.PatternMatcherHandler - Processing Index Candle: NIFTY @ 25788.1
2026-01-13 05:22:27.925 [Thread-9] INFO  c.t.hf.core.PatternMatcherHandler - Processing Index Candle: BANKNIFTY @ 59622.85
2026-01-13 05:22:27.929 [Thread-9] INFO  c.t.hf.core.PatternMatcherHandler - Processing Index Candle: NIFTY @ 25788.1
2026-01-13 05:22:28.658 [Thread-8] INFO  c.t.hf.core.GlobalRegimeController - Market regime updated to: SIDEWAYS
2026-01-13 05:22:39.318 [Thread-9] INFO  c.t.hf.core.PatternMatcherHandler - Processing Index Candle: BANKNIFTY @ 59622.85
2026-01-13 05:22:39.319 [Thread-9] INFO  c.t.hf.core.PatternMatcherHandler - Processing Index Candle: NIFTY @ 25788.1
2026-01-13 05:22:50.456 [Thread-9] INFO  c.t.hf.core.PatternMatcherHandler - Processing Index Candle: BANKNIFTY @ 59630.5
2026-01-13 05:22:50.459 [Thread-9] INFO  c.t.hf.core.PatternMatcherHandler - Processing Index Candle: NIFTY @ 25797.85
2026-01-13 05:23:00.724 [Thread-8] INFO  c.t.hf.core.GlobalRegimeController - Market regime updated to: SIDEWAYS
2026-01-13 05:23:03.557 [Thread-9] INFO  c.t.hf.core.PatternMatcherHandler - Processing Index Candle: BANKNIFTY @ 59630.5
2026-01-13 05:23:03.560 [Thread-9] INFO  c.t.hf.core.PatternMatcherHandler - Processing Index Candle: NIFTY @ 25797.85
2026-01-13 05:23:14.745 [Thread-9] INFO  c.t.hf.core.PatternMatcherHandler - Processing Index Candle: BANKNIFTY @ 59630.5
2026-01-13 05:23:14.749 [Thread-9] INFO  c.t.hf.core.PatternMatcherHandler - Processing Index Candle: NIFTY @ 25795.4
2026-01-13 05:23:25.980 [Thread-9] INFO  c.t.hf.core.PatternMatcherHandler - Processing Index Candle: BANKNIFTY @ 59637.55
2026-01-13 05:23:25.983 [Thread-9] INFO  c.t.hf.core.PatternMatcherHandler - Processing Index Candle: NIFTY @ 25795.4
2026-01-13 05:23:32.810 [Thread-8] INFO  c.t.hf.core.GlobalRegimeController - Market regime updated to: SIDEWAYS
2026-01-13 05:23:39.346 [Thread-9] INFO  c.t.hf.core.PatternMatcherHandler - Processing Index Candle: BANKNIFTY @ 59637.55
2026-01-13 05:23:39.356 [Thread-9] INFO  c.t.hf.core.PatternMatcherHandler - Processing Index Candle: NIFTY @ 25795.2
2026-01-13 05:23:50.645 [Thread-9] INFO  c.t.hf.core.PatternMatcherHandler - Processing Index Candle: BANKNIFTY @ 59629.55
2026-01-13 05:23:50.648 [Thread-9] INFO  c.t.hf.core.PatternMatcherHandler - Processing Index Candle: NIFTY @ 25795.2
2026-01-13 05:24:03.923 [Thread-9] INFO  c.t.hf.core.PatternMatcherHandler - Processing Index Candle: BANKNIFTY @ 59629.55
2026-01-13 05:24:03.926 [Thread-9] INFO  c.t.hf.core.PatternMatcherHandler - Processing Index Candle: NIFTY @ 25795.2
2026-01-13 05:24:04.801 [Thread-8] INFO  c.t.hf.core.GlobalRegimeController - Market regime updated to: SIDEWAYS
2026-01-13 05:24:15.281 [Thread-9] INFO  c.t.hf.core.PatternMatcherHandler - Processing Index Candle: BANKNIFTY @ 59629.55
2026-01-13 05:24:15.284 [Thread-9] INFO  c.t.hf.core.PatternMatcherHandler - Processing Index Candle: NIFTY @ 25795.4
2026-01-13 05:24:26.480 [Thread-9] INFO  c.t.hf.core.PatternMatcherHandler - Processing Index Candle: BANKNIFTY @ 59623.0
2026-01-13 05:24:26.483 [Thread-9] INFO  c.t.hf.core.PatternMatcherHandler - Processing Index Candle: NIFTY @ 25795.4
2026-01-13 05:24:37.496 [Thread-8] INFO  c.t.hf.core.GlobalRegimeController - Market regime updated to: SIDEWAYS
2026-01-13 05:24:39.745 [Thread-9] INFO  c.t.hf.core.PatternMatcherHandler - Processing Index Candle: BANKNIFTY @ 59623.0
2026-01-13 05:24:39.748 [Thread-9] INFO  c.t.hf.core.PatternMatcherHandler - Processing Index Candle: NIFTY @ 25795.4
2026-01-13 05:24:50.972 [Thread-9] INFO  c.t.hf.core.PatternMatcherHandler - Processing Index Candle: BANKNIFTY @ 59612.5
2026-01-13 05:24:50.975 [Thread-9] INFO  c.t.hf.core.PatternMatcherHandler - Processing Index Candle: NIFTY @ 25785.6
2026-01-13 05:25:02.147 [Thread-9] INFO  c.t.hf.core.PatternMatcherHandler - Processing Index Candle: BANKNIFTY @ 59612.5
2026-01-13 05:25:02.156 [Thread-9] INFO  c.t.hf.core.PatternMatcherHandler - Processing Index Candle: NIFTY @ 25785.6
2026-01-13 05:25:09.812 [Thread-8] INFO  c.t.hf.core.GlobalRegimeController - Market regime updated to: SIDEWAYS
2026-01-13 05:25:13.395 [Thread-9] INFO  c.t.hf.core.PatternMatcherHandler - Processing Index Candle: BANKNIFTY @ 59586.5
2026-01-13 05:25:13.400 [Thread-9] INFO  c.t.hf.core.PatternMatcherHandler - Processing Index Candle: NIFTY @ 25771.85
2026-01-13 05:25:24.639 [Thread-9] INFO  c.t.hf.core.PatternMatcherHandler - Processing Index Candle: BANKNIFTY @ 59586.5
2026-01-13 05:25:24.641 [Thread-9] INFO  c.t.hf.core.PatternMatcherHandler - Processing Index Candle: NIFTY @ 25771.85
2026-01-13 05:25:36.711 [Thread-9] INFO  c.t.hf.core.PatternMatcherHandler - Processing Index Candle: BANKNIFTY @ 59586.5
2026-01-13 05:25:36.713 [Thread-9] INFO  c.t.hf.core.PatternMatcherHandler - Processing Index Candle: NIFTY @ 25771.85
2026-01-13 05:25:41.803 [Thread-8] INFO  c.t.hf.core.GlobalRegimeController - Market regime updated to: SIDEWAYS
2026-01-13 05:25:49.406 [Thread-9] INFO  c.t.hf.core.PatternMatcherHandler - Processing Index Candle: BANKNIFTY @ 59580.9
2026-01-13 05:25:49.409 [Thread-9] INFO  c.t.hf.core.PatternMatcherHandler - Processing Index Candle: NIFTY @ 25765.8
2026-01-13 05:26:00.579 [Thread-9] INFO  c.t.hf.core.PatternMatcherHandler - Processing Index Candle: BANKNIFTY @ 59580.9
2026-01-13 05:26:00.581 [Thread-9] INFO  c.t.hf.core.PatternMatcherHandler - Processing Index Candle: NIFTY @ 25765.8
2026-01-13 05:26:12.920 [Thread-9] INFO  c.t.hf.core.PatternMatcherHandler - Processing Index Candle: BANKNIFTY @ 59580.9
2026-01-13 05:26:12.925 [Thread-9] INFO  c.t.hf.core.PatternMatcherHandler - Processing Index Candle: NIFTY @ 25766.25
2026-01-13 05:26:14.093 [Thread-8] INFO  c.t.hf.core.GlobalRegimeController - Market regime updated to: SIDEWAYS
2026-01-13 05:26:24.218 [Thread-9] INFO  c.t.hf.core.PatternMatcherHandler - Processing Index Candle: BANKNIFTY @ 59587.7
2026-01-13 05:26:24.221 [Thread-9] INFO  c.t.hf.core.PatternMatcherHandler - Processing Index Candle: NIFTY @ 25766.25
2026-01-13 05:26:35.423 [Thread-9] INFO  c.t.hf.core.PatternMatcherHandler - Processing Index Candle: BANKNIFTY @ 59587.7
2026-01-13 05:26:35.426 [Thread-9] INFO  c.t.hf.core.PatternMatcherHandler - Processing Index Candle: NIFTY @ 25766.8
